# JRE version: OpenJDK Runtime Environment (8.0_242-b01) (build 1.8.0_242-release-1644-b01)
# Java VM: OpenJDK 64-Bit Server VM (25.242-b01 mixed mode windows-amd64 compressed oops)
Heap:
 PSYoungGen      total 403456K, used 206556K [0x00000000e0000000, 0x0000000100000000, 0x0000000100000000)
  eden space 300032K, 68% used [0x00000000e0000000,0x00000000ec8231a0,0x00000000f2500000)
  from space 103424K, 1% used [0x00000000f8a80000,0x00000000f8c14010,0x00000000fef80000)
  to   space 103936K, 0% used [0x00000000f2500000,0x00000000f2500000,0x00000000f8a80000)
 ParOldGen       total 366080K, used 118425K [0x00000000a0000000, 0x00000000b6580000, 0x00000000e0000000)
  object space 366080K, 32% used [0x00000000a0000000,0x00000000a73a64f0,0x00000000b6580000)
 Metaspace       used 99019K, capacity 104104K, committed 105600K, reserved 1140736K
  class space    used 12681K, capacity 13696K, committed 14208K, reserved 1048576K
GC Heap History (10 events):
Event: 411.901 GC heap before
{Heap before GC invocations=26 (full 4):
 PSYoungGen      total 403968K, used 403746K [0x00000000e0000000, 0x0000000100000000, 0x0000000100000000)
  eden space 330752K, 99% used [0x00000000e0000000,0x00000000f42f8598,0x00000000f4300000)
  from space 73216K, 99% used [0x00000000f4300000,0x00000000f8a504f0,0x00000000f8a80000)
  to   space 103424K, 0% used [0x00000000f9b00000,0x00000000f9b00000,0x0000000100000000)
 ParOldGen       total 366080K, used 91914K [0x00000000a0000000, 0x00000000b6580000, 0x00000000e0000000)
  object space 366080K, 25% used [0x00000000a0000000,0x00000000a59c2a58,0x00000000b6580000)
 Metaspace       used 96034K, capacity 100508K, committed 103296K, reserved 1138688K
  class space    used 12266K, capacity 13192K, committed 13952K, reserved 1048576K
Event: 411.990 GC heap after
Heap after GC invocations=26 (full 4):
 PSYoungGen      total 403456K, used 83569K [0x00000000e0000000, 0x0000000100000000, 0x0000000100000000)
  eden space 300032K, 0% used [0x00000000e0000000,0x00000000e0000000,0x00000000f2500000)
  from space 103424K, 80% used [0x00000000f9b00000,0x00000000fec9c5d8,0x0000000100000000)
  to   space 112128K, 0% used [0x00000000f2500000,0x00000000f2500000,0x00000000f9280000)
 ParOldGen       total 366080K, used 91914K [0x00000000a0000000, 0x00000000b6580000, 0x00000000e0000000)
  object space 366080K, 25% used [0x00000000a0000000,0x00000000a59c2a58,0x00000000b6580000)
 Metaspace       used 96034K, capacity 100508K, committed 103296K, reserved 1138688K
  class space    used 12266K, capacity 13192K, committed 13952K, reserved 1048576K
}
Event: 412.992 GC heap before
{Heap before GC invocations=27 (full 4):
 PSYoungGen      total 403456K, used 383601K [0x00000000e0000000, 0x0000000100000000, 0x0000000100000000)
  eden space 300032K, 100% used [0x00000000e0000000,0x00000000f2500000,0x00000000f2500000)
  from space 103424K, 80% used [0x00000000f9b00000,0x00000000fec9c5d8,0x0000000100000000)
  to   space 112128K, 0% used [0x00000000f2500000,0x00000000f2500000,0x00000000f9280000)
 ParOldGen       total 366080K, used 91914K [0x00000000a0000000, 0x00000000b6580000, 0x00000000e0000000)
  object space 366080K, 25% used [0x00000000a0000000,0x00000000a59c2a58,0x00000000b6580000)
 Metaspace       used 96047K, capacity 100512K, committed 103296K, reserved 1138688K
  class space    used 12266K, capacity 13192K, committed 13952K, reserved 1048576K
Event: 413.034 GC heap after
Heap after GC invocations=27 (full 4):
 PSYoungGen      total 305152K, used 4966K [0x00000000e0000000, 0x0000000100000000, 0x0000000100000000)
  eden space 300032K, 0% used [0x00000000e0000000,0x00000000e0000000,0x00000000f2500000)
  from space 5120K, 97% used [0x00000000f2500000,0x00000000f29d9be8,0x00000000f2a00000)
  to   space 113152K, 0% used [0x00000000f9180000,0x00000000f9180000,0x0000000100000000)
 ParOldGen       total 366080K, used 102265K [0x00000000a0000000, 0x00000000b6580000, 0x00000000e0000000)
  object space 366080K, 27% used [0x00000000a0000000,0x00000000a63de758,0x00000000b6580000)
 Metaspace       used 96047K, capacity 100512K, committed 103296K, reserved 1138688K
  class space    used 12266K, capacity 13192K, committed 13952K, reserved 1048576K
}
Event: 419.383 GC heap before
{Heap before GC invocations=28 (full 4):
 PSYoungGen      total 305152K, used 304998K [0x00000000e0000000, 0x0000000100000000, 0x0000000100000000)
  eden space 300032K, 100% used [0x00000000e0000000,0x00000000f2500000,0x00000000f2500000)
  from space 5120K, 97% used [0x00000000f2500000,0x00000000f29d9be8,0x00000000f2a00000)
  to   space 113152K, 0% used [0x00000000f9180000,0x00000000f9180000,0x0000000100000000)
 ParOldGen       total 366080K, used 102265K [0x00000000a0000000, 0x00000000b6580000, 0x00000000e0000000)
  object space 366080K, 27% used [0x00000000a0000000,0x00000000a63de758,0x00000000b6580000)
 Metaspace       used 97510K, capacity 102108K, committed 104576K, reserved 1140736K
  class space    used 12529K, capacity 13482K, committed 14208K, reserved 1048576K
Event: 419.391 GC heap after
Heap after GC invocations=28 (full 4):
 PSYoungGen      total 413696K, used 17780K [0x00000000e0000000, 0x0000000100000000, 0x0000000100000000)
  eden space 300544K, 0% used [0x00000000e0000000,0x00000000e0000000,0x00000000f2580000)
  from space 113152K, 15% used [0x00000000f9180000,0x00000000fa2dd190,0x0000000100000000)
  to   space 110592K, 0% used [0x00000000f2580000,0x00000000f2580000,0x00000000f9180000)
 ParOldGen       total 366080K, used 102983K [0x00000000a0000000, 0x00000000b6580000, 0x00000000e0000000)
  object space 366080K, 28% used [0x00000000a0000000,0x00000000a6491f50,0x00000000b6580000)
 Metaspace       used 97510K, capacity 102108K, committed 104576K, reserved 1140736K
  class space    used 12529K, capacity 13482K, committed 14208K, reserved 1048576K
}
Event: 2391.862 GC heap before
{Heap before GC invocations=29 (full 4):
 PSYoungGen      total 413696K, used 318324K [0x00000000e0000000, 0x0000000100000000, 0x0000000100000000)
  eden space 300544K, 100% used [0x00000000e0000000,0x00000000f2580000,0x00000000f2580000)
  from space 113152K, 15% used [0x00000000f9180000,0x00000000fa2dd190,0x0000000100000000)
  to   space 110592K, 0% used [0x00000000f2580000,0x00000000f2580000,0x00000000f9180000)
 ParOldGen       total 366080K, used 102983K [0x00000000a0000000, 0x00000000b6580000, 0x00000000e0000000)
  object space 366080K, 28% used [0x00000000a0000000,0x00000000a6491f50,0x00000000b6580000)
 Metaspace       used 98709K, capacity 103764K, committed 105344K, reserved 1140736K
  class space    used 12663K, capacity 13658K, committed 14208K, reserved 1048576K
Event: 2391.885 GC heap after
Heap after GC invocations=29 (full 4):
 PSYoungGen      total 340992K, used 40059K [0x00000000e0000000, 0x00000000fef80000, 0x0000000100000000)
  eden space 300544K, 0% used [0x00000000e0000000,0x00000000e0000000,0x00000000f2580000)
  from space 40448K, 99% used [0x00000000f2580000,0x00000000f4c9ed98,0x00000000f4d00000)
  to   space 103424K, 0% used [0x00000000f8a80000,0x00000000f8a80000,0x00000000fef80000)
 ParOldGen       total 366080K, used 103023K [0x00000000a0000000, 0x00000000b6580000, 0x00000000e0000000)
  object space 366080K, 28% used [0x00000000a0000000,0x00000000a649bf50,0x00000000b6580000)
 Metaspace       used 98709K, capacity 103764K, committed 105344K, reserved 1140736K
  class space    used 12663K, capacity 13658K, committed 14208K, reserved 1048576K
}
Event: 2393.612 GC heap before
{Heap before GC invocations=30 (full 4):
 PSYoungGen      total 340992K, used 340603K [0x00000000e0000000, 0x00000000fef80000, 0x0000000100000000)
  eden space 300544K, 100% used [0x00000000e0000000,0x00000000f2580000,0x00000000f2580000)
  from space 40448K, 99% used [0x00000000f2580000,0x00000000f4c9ed98,0x00000000f4d00000)
  to   space 103424K, 0% used [0x00000000f8a80000,0x00000000f8a80000,0x00000000fef80000)
 ParOldGen       total 366080K, used 103023K [0x00000000a0000000, 0x00000000b6580000, 0x00000000e0000000)
  object space 366080K, 28% used [0x00000000a0000000,0x00000000a649bf50,0x00000000b6580000)
 Metaspace       used 98788K, capacity 103842K, committed 105600K, reserved 1140736K
  class space    used 12664K, capacity 13659K, committed 14208K, reserved 1048576K
Event: 2393.628 GC heap after
Heap after GC invocations=30 (full 4):
 PSYoungGen      total 403456K, used 1616K [0x00000000e0000000, 0x0000000100000000, 0x0000000100000000)
  eden space 300032K, 0% used [0x00000000e0000000,0x00000000e0000000,0x00000000f2500000)
  from space 103424K, 1% used [0x00000000f8a80000,0x00000000f8c14010,0x00000000fef80000)
  to   space 103936K, 0% used [0x00000000f2500000,0x00000000f2500000,0x00000000f8a80000)
 ParOldGen       total 366080K, used 118425K [0x00000000a0000000, 0x00000000b6580000, 0x00000000e0000000)
  object space 366080K, 32% used [0x00000000a0000000,0x00000000a73a64f0,0x00000000b6580000)
 Metaspace       used 98788K, capacity 103842K, committed 105600K, reserved 1140736K
  class space    used 12664K, capacity 13659K, committed 14208K, reserved 1048576K
}

